<?xml version="1.0" encoding="UTF-8"?>
<!-- Generated by org.testng.reporters.JUnitReportReporter -->
<testsuite hostname="AD01135640" name="music_02_MyMusic.Test_01_MY좋아요" tests="3" failures="0" timestamp="10 Oct 2016 02:06:28 GMT" time="195.158" errors="0">
  <testcase name="MY좋아요_앨범_아티스트_동영상_확인" time="15.765" classname="music_02_MyMusic.Test_01_MY좋아요"/>
  <testcase name="MY좋아요_뮤지션리그탭_테스트" time="58.851" classname="music_02_MyMusic.Test_01_MY좋아요"/>
  <testcase name="MY좋아요_곡탭_테스트" time="120.542" classname="music_02_MyMusic.Test_01_MY좋아요"/>
</testsuite> <!-- music_02_MyMusic.Test_01_MY좋아요 -->
