<?xml version="1.0" encoding="UTF-8"?>
<!-- Generated by org.testng.reporters.JUnitReportReporter -->
<testsuite hostname="AD01135640" name="music_01_MusicHome.Test_01_네뮤차트" tests="2" failures="0" timestamp="10 Oct 2016 01:36:08 GMT" time="182.703" errors="0">
  <testcase name="a_네이버뮤직차트_테스트" time="131.833" classname="music_01_MusicHome.Test_01_네뮤차트"/>
  <testcase name="b_뮤지션리그_100_테스트" time="50.870" classname="music_01_MusicHome.Test_01_네뮤차트"/>
</testsuite> <!-- music_01_MusicHome.Test_01_네뮤차트 -->
