<?xml version="1.0" encoding="UTF-8"?>
<!-- Generated by org.testng.reporters.JUnitReportReporter -->
<testsuite hostname="AD01135640" name="music_02_MyMusic.Test_02_내리스트" tests="2" failures="0" timestamp="10 Oct 2016 02:06:28 GMT" time="169.270" errors="0">
  <testcase name="b_내리스트_목록_테스트" time="35.585" classname="music_02_MyMusic.Test_02_내리스트"/>
  <testcase name="a_내리스트_end_테스트" time="133.685" classname="music_02_MyMusic.Test_02_내리스트"/>
</testsuite> <!-- music_02_MyMusic.Test_02_내리스트 -->
