<?xml version="1.0" encoding="UTF-8"?>
<!-- Generated by org.testng.reporters.JUnitReportReporter -->
<testsuite hostname="AD01135640" name="music_01_MusicHome.Test_06_뮤지션리그" tests="2" failures="0" timestamp="10 Oct 2016 01:36:08 GMT" time="93.000" errors="0">
  <testcase name="a_뮤지션리그_곡" time="67.272" classname="music_01_MusicHome.Test_06_뮤지션리그"/>
  <testcase name="b_뮤지션리그_동영상" time="25.728" classname="music_01_MusicHome.Test_06_뮤지션리그"/>
</testsuite> <!-- music_01_MusicHome.Test_06_뮤지션리그 -->
