<?xml version="1.0" encoding="UTF-8"?>
<!-- Generated by org.testng.reporters.JUnitReportReporter -->
<testsuite hostname="AD01135640" name="music_02_MyMusic.suit" tests="1" failures="0" timestamp="7 Oct 2016 03:49:47 GMT" time="0.008" errors="0">
  <testcase name="MY" time="0.008" classname="music_02_MyMusic.suit"/>
</testsuite> <!-- music_02_MyMusic.suit -->
