<?xml version="1.0" encoding="UTF-8"?>
<!-- Generated by org.testng.reporters.JUnitReportReporter -->
<testsuite hostname="AD01135640" name="music_02_MyMusic.Test_05_휴대폰음악" tests="2" failures="0" timestamp="10 Oct 2016 02:06:28 GMT" time="69.870" errors="0">
  <testcase name="휴대폰_음악_곡_테스트" time="51.591" classname="music_02_MyMusic.Test_05_휴대폰음악"/>
  <testcase name="휴대폰_음악_앨범_아티스트_테스트" time="18.279" classname="music_02_MyMusic.Test_05_휴대폰음악"/>
</testsuite> <!-- music_02_MyMusic.Test_05_휴대폰음악 -->
