<?xml version="1.0" encoding="UTF-8"?>
<!-- Generated by org.testng.reporters.JUnitReportReporter -->
<testsuite hostname="AD01135640" name="music_01_MusicHome.Test_04_무료음악" tests="1" failures="0" timestamp="10 Oct 2016 06:52:56 GMT" time="13.348" errors="0">
  <testcase name="무료음악_테스트" time="13.348" classname="music_01_MusicHome.Test_04_무료음악"/>
</testsuite> <!-- music_01_MusicHome.Test_04_무료음악 -->
