<?xml version="1.0" encoding="UTF-8"?>
<!-- Generated by org.testng.reporters.JUnitReportReporter -->
<testsuite hostname="AD01135640" name="music_02_MyMusic.Test_06_네이버클라우드음악" tests="1" failures="0" timestamp="10 Oct 2016 02:06:28 GMT" time="41.486" errors="0">
  <testcase name="네이버클라우드_음악_테스트" time="41.486" classname="music_02_MyMusic.Test_06_네이버클라우드음악"/>
</testsuite> <!-- music_02_MyMusic.Test_06_네이버클라우드음악 -->
