<?xml version="1.0" encoding="UTF-8"?>
<!-- Generated by org.testng.reporters.JUnitReportReporter -->
<testsuite hostname="AD01135640" name="music_01_MusicHome.Test_05_뮤직비디오" tests="1" failures="0" timestamp="10 Oct 2016 01:41:52 GMT" time="35.278" errors="0">
  <testcase name="뮤직비디오_테스트" time="35.278" classname="music_01_MusicHome.Test_05_뮤직비디오"/>
</testsuite> <!-- music_01_MusicHome.Test_05_뮤직비디오 -->
