<?xml version="1.0" encoding="UTF-8"?>
<!-- Generated by org.testng.reporters.JUnitReportReporter -->
<testsuite hostname="AD01135640" name="music_02_MyMusic.Test_07_구매_대여내역" tests="1" failures="0" timestamp="10 Oct 2016 02:06:28 GMT" time="132.549" errors="0">
  <testcase name="구매_대여내역_테스트" time="132.549" classname="music_02_MyMusic.Test_07_구매_대여내역"/>
</testsuite> <!-- music_02_MyMusic.Test_07_구매_대여내역 -->
