<?xml version="1.0" encoding="UTF-8"?>
<!-- Generated by org.testng.reporters.JUnitReportReporter -->
<testsuite hostname="AD01135640" name="music_01_MusicHome.Test_02_장르별음악" tests="2" failures="0" timestamp="10 Oct 2016 01:36:08 GMT" time="304.422" errors="0">
  <testcase name="장르별_음악_해외장르" time="158.021" classname="music_01_MusicHome.Test_02_장르별음악"/>
  <testcase name="장르별_음악_국내장르" time="146.401" classname="music_01_MusicHome.Test_02_장르별음악"/>
</testsuite> <!-- music_01_MusicHome.Test_02_장르별음악 -->
