<?xml version="1.0" encoding="UTF-8"?>
<!-- Generated by org.testng.reporters.JUnitReportReporter -->
<testsuite hostname="AD01135640" name="music_01_MusicHome.Test_03_최신앨범" tests="1" failures="0" timestamp="10 Oct 2016 01:36:08 GMT" time="212.112" errors="0">
  <testcase name="최신앨범_테스트" time="212.112" classname="music_01_MusicHome.Test_03_최신앨범"/>
</testsuite> <!-- music_01_MusicHome.Test_03_최신앨범 -->
