<?xml version="1.0" encoding="UTF-8"?>
<!-- Generated by org.testng.reporters.JUnitReportReporter -->
<testsuite hostname="AD01135640" name="music_01_MusicHome.Test_06_뮤지션리그" tests="2" failures="0" timestamp="8 Sep 2016 09:56:47 GMT" time="96.015" errors="0">
  <testcase name="b_뮤지션리그_동영상" time="26.684" classname="music_01_MusicHome.Test_06_뮤지션리그"/>
  <testcase name="a_뮤지션리그_곡" time="69.331" classname="music_01_MusicHome.Test_06_뮤지션리그"/>
</testsuite> <!-- music_01_MusicHome.Test_06_뮤지션리그 -->
