<?xml version="1.0" encoding="UTF-8"?>
<!-- Generated by org.testng.reporters.JUnitReportReporter -->
<testsuite hostname="AD01135640" name="musicMymusic.구매_대여내역" tests="1" failures="0" timestamp="30 Jun 2016 06:55:33 GMT" time="135.563" errors="0">
  <testcase name="구매_대여내역_테스트" time="135.563" classname="musicMymusic.구매_대여내역"/>
</testsuite> <!-- musicMymusic.구매_대여내역 -->
