<?xml version="1.0" encoding="UTF-8"?>
<!-- Generated by org.testng.reporters.JUnitReportReporter -->
<testsuite hostname="AD01135640" name="music_02_MyMusic.Test_01_MY좋아요" tests="3" failures="0" timestamp="26 Aug 2016 07:14:20 GMT" time="218.546" errors="0">
  <testcase name="MY좋아요_뮤지션리그탭_테스트" time="79.397" classname="music_02_MyMusic.Test_01_MY좋아요"/>
  <testcase name="MY좋아요_곡탭_테스트" time="108.730" classname="music_02_MyMusic.Test_01_MY좋아요"/>
  <testcase name="MY좋아요_앨범_아티스트_동영상_확인" time="30.419" classname="music_02_MyMusic.Test_01_MY좋아요"/>
</testsuite> <!-- music_02_MyMusic.Test_01_MY좋아요 -->
