<?xml version="1.0" encoding="UTF-8"?>
<!-- Generated by org.testng.reporters.JUnitReportReporter -->
<testsuite hostname="AD01135640" name="musicapp.musicapp.뮤직카트" tests="2" failures="0" timestamp="30 Jun 2016 06:27:55 GMT" time="50.274" errors="0">
  <testcase name="a_뮤직카트_대여_테스트" time="22.957" classname="musicapp.musicapp.뮤직카트"/>
  <testcase name="b_뮤직카트_mp3_테스트" time="27.317" classname="musicapp.musicapp.뮤직카트"/>
</testsuite> <!-- musicapp.musicapp.뮤직카트 -->
