<?xml version="1.0" encoding="UTF-8"?>
<!-- Generated by org.testng.reporters.JUnitReportReporter -->
<testsuite hostname="AD01135640" name="musicapp.musicapp.최신앨범" tests="1" failures="0" timestamp="30 Jun 2016 06:27:55 GMT" time="208.130" errors="0">
  <testcase name="최신앨범_테스트" time="208.130" classname="musicapp.musicapp.최신앨범"/>
</testsuite> <!-- musicapp.musicapp.최신앨범 -->
