<?xml version="1.0" encoding="UTF-8"?>
<!-- Generated by org.testng.reporters.JUnitReportReporter -->
<testsuite hostname="AD01135640" name="music_02_MyMusic.Test_02_내리스트" tests="2" failures="0" timestamp="26 Aug 2016 07:14:20 GMT" time="212.405" errors="0">
  <testcase name="b_내리스트_목록_테스트" time="45.222" classname="music_02_MyMusic.Test_02_내리스트"/>
  <testcase name="a_내리스트_end_테스트" time="167.183" classname="music_02_MyMusic.Test_02_내리스트"/>
</testsuite> <!-- music_02_MyMusic.Test_02_내리스트 -->
