<?xml version="1.0" encoding="UTF-8"?>
<!-- Generated by org.testng.reporters.JUnitReportReporter -->
<testsuite hostname="AD01135640" name="musicMymusic.최근들은음악" tests="1" failures="0" timestamp="30 Jun 2016 06:55:33 GMT" time="40.191" errors="0">
  <testcase name="최근들은음악_테스트" time="40.191" classname="musicMymusic.최근들은음악"/>
</testsuite> <!-- musicMymusic.최근들은음악 -->
