<?xml version="1.0" encoding="UTF-8"?>
<!-- Generated by org.testng.reporters.JUnitReportReporter -->
<testsuite hostname="AD01135640" name="musicapp.musicapp.뮤직비디오" tests="1" failures="0" timestamp="30 Jun 2016 06:27:55 GMT" time="25.344" errors="0">
  <testcase name="뮤직비디오_테스트" time="25.344" classname="musicapp.musicapp.뮤직비디오"/>
</testsuite> <!-- musicapp.musicapp.뮤직비디오 -->
