<?xml version="1.0" encoding="UTF-8"?>
<!-- Generated by org.testng.reporters.JUnitReportReporter -->
<testsuite hostname="AD01135640" name="musicapp.musicapp.MY좋아요" tests="3" failures="0" timestamp="30 Jun 2016 06:27:55 GMT" time="191.612" errors="0">
  <testcase name="MY좋아요_뮤지션리그탭_테스트" time="64.717" classname="musicapp.musicapp.MY좋아요"/>
  <testcase name="MY좋아요_앨범_아티스트_동영상_확인" time="23.882" classname="musicapp.musicapp.MY좋아요"/>
  <testcase name="MY좋아요_곡탭_테스트" time="103.013" classname="musicapp.musicapp.MY좋아요"/>
</testsuite> <!-- musicapp.musicapp.MY좋아요 -->
