<?xml version="1.0" encoding="UTF-8"?>
<!-- Generated by org.testng.reporters.JUnitReportReporter -->
<testsuite hostname="AD01135640" name="musicapp.musicapp.휴대폰음악" tests="2" failures="0" timestamp="30 Jun 2016 06:27:55 GMT" time="56.449" errors="0">
  <testcase name="휴대폰_음악_앨범_아티스트_테스트" time="21.438" classname="musicapp.musicapp.휴대폰음악"/>
  <testcase name="휴대폰_음악_곡_테스트" time="35.011" classname="musicapp.musicapp.휴대폰음악"/>
</testsuite> <!-- musicapp.musicapp.휴대폰음악 -->
