<?xml version="1.0" encoding="UTF-8"?>
<!-- Generated by org.testng.reporters.JUnitReportReporter -->
<testsuite hostname="AD01135640" name="music_02_MyMusic.Test_08_뮤직카트" tests="2" failures="0" timestamp="26 Aug 2016 07:14:20 GMT" time="57.537" errors="0">
  <testcase name="b_뮤직카트_mp3_테스트" time="33.714" classname="music_02_MyMusic.Test_08_뮤직카트"/>
  <testcase name="a_뮤직카트_대여_테스트" time="23.823" classname="music_02_MyMusic.Test_08_뮤직카트"/>
</testsuite> <!-- music_02_MyMusic.Test_08_뮤직카트 -->
