<?xml version="1.0" encoding="UTF-8"?>
<!-- Generated by org.testng.reporters.JUnitReportReporter -->
<testsuite hostname="AD01135640" name="music_02_My_Music.Test_04_음악검색히스토리" tests="1" failures="0" timestamp="30 Jun 2016 07:41:51 GMT" time="95.844" errors="0">
  <testcase name="음악검색_히스토리_테스트" time="95.844" classname="music_02_My_Music.Test_04_음악검색히스토리"/>
</testsuite> <!-- music_02_My_Music.Test_04_음악검색히스토리 -->
