<?xml version="1.0" encoding="UTF-8"?>
<!-- Generated by org.testng.reporters.JUnitReportReporter -->
<testsuite hostname="AD01135640" name="musicMymusic.내리스트" tests="2" failures="0" timestamp="30 Jun 2016 06:55:33 GMT" time="189.864" errors="0">
  <testcase name="a_내리스트_end_테스트" time="141.247" classname="musicMymusic.내리스트"/>
  <testcase name="b_내리스트_목록_테스트" time="48.617" classname="musicMymusic.내리스트"/>
</testsuite> <!-- musicMymusic.내리스트 -->
