<?xml version="1.0" encoding="UTF-8"?>
<!-- Generated by org.testng.reporters.JUnitReportReporter -->
<testsuite hostname="AD01135640" name="musicMymusic.네이버클라우드음악" tests="1" failures="0" timestamp="30 Jun 2016 06:55:33 GMT" time="40.448" errors="0">
  <testcase name="네이버클라우드_음악_테스트" time="40.448" classname="musicMymusic.네이버클라우드음악"/>
</testsuite> <!-- musicMymusic.네이버클라우드음악 -->
