<?xml version="1.0" encoding="UTF-8"?>
<!-- Generated by org.testng.reporters.JUnitReportReporter -->
<testsuite hostname="AD01135640" name="musicapp.musicapp.네뮤차트" tests="2" failures="0" timestamp="30 Jun 2016 06:27:55 GMT" time="176.216" errors="0">
  <testcase name="b_뮤지션리그_100_테스트" time="34.982" classname="musicapp.musicapp.네뮤차트"/>
  <testcase name="a_네이버뮤직차트_테스트" time="141.234" classname="musicapp.musicapp.네뮤차트"/>
</testsuite> <!-- musicapp.musicapp.네뮤차트 -->
