<?xml version="1.0" encoding="UTF-8"?>
<!-- Generated by org.testng.reporters.JUnitReportReporter -->
<testsuite hostname="AD01135640" name="music_01_Music_Home.Test_03_최신앨범" tests="1" failures="0" timestamp="30 Jun 2016 07:52:10 GMT" time="205.476" errors="0">
  <testcase name="최신앨범_테스트" time="205.476" classname="music_01_Music_Home.Test_03_최신앨범"/>
</testsuite> <!-- music_01_Music_Home.Test_03_최신앨범 -->
