<?xml version="1.0" encoding="UTF-8"?>
<!-- Generated by org.testng.reporters.JUnitReportReporter -->
<testsuite hostname="AD01135640" name="musicapp.musicapp.네이버클라우드음악" tests="1" failures="0" timestamp="30 Jun 2016 06:27:55 GMT" time="42.664" errors="0">
  <testcase name="네이버클라우드_음악_테스트" time="42.664" classname="musicapp.musicapp.네이버클라우드음악"/>
</testsuite> <!-- musicapp.musicapp.네이버클라우드음악 -->
