<?xml version="1.0" encoding="UTF-8"?>
<!-- Generated by org.testng.reporters.JUnitReportReporter -->
<testsuite hostname="AD01135640" name="musicapp.musicapp.내리스트" tests="2" failures="0" timestamp="30 Jun 2016 06:27:55 GMT" time="204.325" errors="0">
  <testcase name="b_내리스트_목록_테스트" time="55.652" classname="musicapp.musicapp.내리스트"/>
  <testcase name="a_내리스트_end_테스트" time="148.673" classname="musicapp.musicapp.내리스트"/>
</testsuite> <!-- musicapp.musicapp.내리스트 -->
