<?xml version="1.0" encoding="UTF-8"?>
<!-- Generated by org.testng.reporters.JUnitReportReporter -->
<testsuite hostname="AD01135640" name="music_02_MyMusic.Test_03_최근들은음악" tests="1" failures="0" timestamp="26 Aug 2016 07:14:20 GMT" time="62.474" errors="0">
  <testcase name="최근들은음악_테스트" time="62.474" classname="music_02_MyMusic.Test_03_최근들은음악"/>
</testsuite> <!-- music_02_MyMusic.Test_03_최근들은음악 -->
