<?xml version="1.0" encoding="UTF-8"?>
<!-- Generated by org.testng.reporters.JUnitReportReporter -->
<testsuite hostname="AD01135640" name="musicapp.musicapp.최근들은음악" tests="1" failures="0" timestamp="30 Jun 2016 06:27:55 GMT" time="38.217" errors="0">
  <testcase name="최근들은음악_테스트" time="38.217" classname="musicapp.musicapp.최근들은음악"/>
</testsuite> <!-- musicapp.musicapp.최근들은음악 -->
