<?xml version="1.0" encoding="UTF-8"?>
<!-- Generated by org.testng.reporters.JUnitReportReporter -->
<testsuite hostname="AD01135640" name="music_02_MyMusic.Test_05_휴대폰음악" tests="2" failures="0" timestamp="26 Aug 2016 07:14:20 GMT" time="84.187" errors="0">
  <testcase name="휴대폰_음악_곡_테스트" time="57.419" classname="music_02_MyMusic.Test_05_휴대폰음악"/>
  <testcase name="휴대폰_음악_앨범_아티스트_테스트" time="26.768" classname="music_02_MyMusic.Test_05_휴대폰음악"/>
</testsuite> <!-- music_02_MyMusic.Test_05_휴대폰음악 -->
